2024-12-20 14:03:05 - Starting ProdReadyFeaturesApplication using Java 21 with PID 47867 (/Users/rinx/Desktop/Spring A-Z/prod-ready-features/target/classes started by rinx in /Users/rinx/Desktop/Spring A-Z/prod-ready-features)
2024-12-20 14:03:05 - No active profile set, falling back to 1 default profile: "default"
2024-12-20 14:03:05 - Devtools property defaults active! Set 'spring.devtools.add-properties' to 'false' to disable
2024-12-20 14:03:05 - For additional web related logging consider setting the 'logging.level.web' property to 'DEBUG'
2024-12-20 14:03:06 - Bootstrapping Spring Data JPA repositories in DEFAULT mode.
2024-12-20 14:03:06 - Finished Spring Data repository scanning in 75 ms. Found 1 JPA repository interface.
2024-12-20 14:03:06 - Tomcat initialized with port 9000 (http)
2024-12-20 14:03:06 - Initializing ProtocolHandler ["http-nio-9000"]
2024-12-20 14:03:06 - Starting service [Tomcat]
2024-12-20 14:03:06 - Starting Servlet engine: [Apache Tomcat/10.1.33]
2024-12-20 14:03:06 - Initializing Spring embedded WebApplicationContext
2024-12-20 14:03:06 - Root WebApplicationContext: initialization completed in 1344 ms
2024-12-20 14:03:07 - HHH000204: Processing PersistenceUnitInfo [name: default]
2024-12-20 14:03:07 - HHH000412: Hibernate ORM core version 6.6.2.Final
2024-12-20 14:03:07 - HHH000026: Second-level cache disabled
2024-12-20 14:03:07 - Envers integration enabled? : true
2024-12-20 14:03:07 - No LoadTimeWeaver setup: ignoring JPA class transformer
2024-12-20 14:03:07 - HikariPool-1 - Starting...
2024-12-20 14:03:07 - HikariPool-1 - Added connection com.mysql.cj.jdbc.ConnectionImpl@1d29f367
2024-12-20 14:03:07 - HikariPool-1 - Start completed.
2024-12-20 14:03:07 - HHH10001005: Database info:
	Database JDBC URL [Connecting through datasource 'HikariDataSource (HikariPool-1)']
	Database driver: undefined/unknown
	Database version: 9.0.1
	Autocommit mode: undefined/unknown
	Isolation level: undefined/unknown
	Minimum pool size: undefined/unknown
	Maximum pool size: undefined/unknown
2024-12-20 14:03:07 - Adding properties for entity: com.springboot.prod_ready_features.prod_ready_features.entities.PostEntity
2024-12-20 14:03:08 - HHH015007: Illegal argument on static metamodel field injection : org.hibernate.envers.DefaultRevisionEntity_#class_; expected type :  org.hibernate.metamodel.model.domain.internal.EntityTypeImpl; encountered type : jakarta.persistence.metamodel.MappedSuperclassType
2024-12-20 14:03:08 - HHH000489: No JTA platform available (set 'hibernate.transaction.jta.platform' to enable JTA platform integration)
2024-12-20 14:03:08 - Initialized JPA EntityManagerFactory for persistence unit 'default'
2024-12-20 14:03:08 - spring.jpa.open-in-view is enabled by default. Therefore, database queries may be performed during view rendering. Explicitly configure spring.jpa.open-in-view to disable this warning
2024-12-20 14:03:09 - LiveReload server is running on port 35729
2024-12-20 14:03:09 - Exposing 15 endpoints beneath base path '/actuator'
2024-12-20 14:03:09 - Starting ProtocolHandler ["http-nio-9000"]
2024-12-20 14:03:09 - Tomcat started on port 9000 (http) with context path '/'
2024-12-20 14:03:09 - Started ProdReadyFeaturesApplication in 4.239 seconds (process running for 4.607)
2024-12-20 14:05:57 - Commencing graceful shutdown. Waiting for active requests to complete
2024-12-20 14:05:57 - Graceful shutdown complete
2024-12-20 14:05:57 - Closing JPA EntityManagerFactory for persistence unit 'default'
2024-12-20 14:05:57 - HikariPool-1 - Shutdown initiated...
2024-12-20 14:05:57 - HikariPool-1 - Shutdown completed.
